<?xml version="1.0" encoding="UTF-8"?>
<!-- Generated by org.testng.reporters.JUnitReportReporter -->
<testsuite skipped="0" hostname="md1tbvxc" name="com.dkatalis.testCases.PrintArrayListfromFileTest" tests="5" failures="0" timestamp="13 Dec 2020 17:04:04 GMT" time="14.325" errors="0">
  <testcase name="printarraylist_file" time="2.456" classname="com.dkatalis.testCases.PrintArrayListfromFileTest"/>
  <testcase name="printarraylist_file" time="2.469" classname="com.dkatalis.testCases.PrintArrayListfromFileTest"/>
  <testcase name="printarraylist_file" time="4.549" classname="com.dkatalis.testCases.PrintArrayListfromFileTest"/>
  <testcase name="printarraylist_file" time="2.432" classname="com.dkatalis.testCases.PrintArrayListfromFileTest"/>
  <testcase name="printarraylist_file" time="2.419" classname="com.dkatalis.testCases.PrintArrayListfromFileTest"/>
</testsuite> <!-- com.dkatalis.testCases.PrintArrayListfromFileTest -->
